<?xml version="1.0" encoding="UTF-8"?>
<!-- Generated by org.testng.reporters.JUnitXMLReporter -->
<testsuite ignored="0" hostname="beeafcabeefc305709488abfaeabebcadone-0" failures="0" tests="3" name="Surefire test" time="40.618" errors="0" timestamp="2023-10-03T07:39:39 UTC">
  <testcase classname="runner.Testcase2" name="clothpg" time="9.501"/>
  <testcase classname="runner.Testcase3" name="Buspg2" time="10.27"/>
  <testcase classname="runner.Testcase1" name="toyspg" time="9.819"/>
</testsuite> <!-- Surefire test -->
