<?xml version="1.0" encoding="UTF-8"?>
<!-- Generated by org.testng.reporters.JUnitXMLReporter -->
<testsuite ignored="0" hostname="seleniuminstance3-0" failures="0" tests="3" name="Surefire test" time="42.428" errors="0" timestamp="2023-10-03T07:01:04 UTC">
  <testcase classname="runner.Testcase1" name="toyspg" time="9.757"/>
  <testcase classname="runner.Testcase3" name="Buspg2" time="10.195"/>
  <testcase classname="runner.Testcase2" name="clothpg" time="9.509"/>
</testsuite> <!-- Surefire test -->
