<?xml version="1.0" encoding="UTF-8"?>
<testng-results ignored="0" total="3" passed="3" failed="0" skipped="0">
  <reporter-output>
  </reporter-output>
  <suite started-at="2023-10-03T07:38:59 UTC" name="Surefire suite" finished-at="2023-10-03T07:39:39 UTC" duration-ms="40618">
    <groups>
    </groups>
    <test started-at="2023-10-03T07:38:59 UTC" name="Surefire test" finished-at="2023-10-03T07:39:39 UTC" duration-ms="40618">
      <class name="runner.Testcase1">
        <test-method is-config="true" signature="beforeMethod()[pri:0, instance:runner.Testcase1@22b53226]" started-at="2023-10-03T07:39:26 UTC" name="beforeMethod" finished-at="2023-10-03T07:39:29 UTC" duration-ms="2843" status="PASS">
          <reporter-output>
          </reporter-output>
        </test-method> <!-- beforeMethod -->
        <test-method signature="toyspg()[pri:1, instance:runner.Testcase1@22b53226]" started-at="2023-10-03T07:39:29 UTC" name="toyspg" finished-at="2023-10-03T07:39:39 UTC" duration-ms="9819" status="PASS">
          <reporter-output>
          </reporter-output>
        </test-method> <!-- toyspg -->
        <test-method is-config="true" signature="afterMethod()[pri:0, instance:runner.Testcase1@22b53226]" started-at="2023-10-03T07:39:39 UTC" name="afterMethod" finished-at="2023-10-03T07:39:39 UTC" duration-ms="196" status="PASS">
          <reporter-output>
          </reporter-output>
        </test-method> <!-- afterMethod -->
      </class> <!-- runner.Testcase1 -->
      <class name="runner.Testcase2">
        <test-method is-config="true" signature="beforeMethod()[pri:0, instance:runner.Testcase2@60a2630a]" started-at="2023-10-03T07:38:59 UTC" name="beforeMethod" finished-at="2023-10-03T07:39:03 UTC" duration-ms="4361" status="PASS">
          <reporter-output>
          </reporter-output>
        </test-method> <!-- beforeMethod -->
        <test-method signature="clothpg()[pri:2, instance:runner.Testcase2@60a2630a]" started-at="2023-10-03T07:39:03 UTC" name="clothpg" finished-at="2023-10-03T07:39:12 UTC" duration-ms="9501" status="PASS">
          <reporter-output>
          </reporter-output>
        </test-method> <!-- clothpg -->
        <test-method is-config="true" signature="afterMethod()[pri:0, instance:runner.Testcase2@60a2630a]" started-at="2023-10-03T07:39:12 UTC" name="afterMethod" finished-at="2023-10-03T07:39:13 UTC" duration-ms="378" status="PASS">
          <reporter-output>
          </reporter-output>
        </test-method> <!-- afterMethod -->
      </class> <!-- runner.Testcase2 -->
      <class name="runner.Testcase3">
        <test-method is-config="true" signature="beforeMethod()[pri:0, instance:runner.Testcase3@60d1a32f]" started-at="2023-10-03T07:39:13 UTC" name="beforeMethod" finished-at="2023-10-03T07:39:16 UTC" duration-ms="2976" status="PASS">
          <reporter-output>
          </reporter-output>
        </test-method> <!-- beforeMethod -->
        <test-method signature="Buspg2()[pri:3, instance:runner.Testcase3@60d1a32f]" started-at="2023-10-03T07:39:16 UTC" name="Buspg2" finished-at="2023-10-03T07:39:26 UTC" duration-ms="10270" status="PASS">
          <reporter-output>
          </reporter-output>
        </test-method> <!-- Buspg2 -->
        <test-method is-config="true" signature="afterMethod()[pri:0, instance:runner.Testcase3@60d1a32f]" started-at="2023-10-03T07:39:26 UTC" name="afterMethod" finished-at="2023-10-03T07:39:26 UTC" duration-ms="207" status="PASS">
          <reporter-output>
          </reporter-output>
        </test-method> <!-- afterMethod -->
      </class> <!-- runner.Testcase3 -->
    </test> <!-- Surefire test -->
  </suite> <!-- Surefire suite -->
</testng-results>
