<?xml version="1.0" encoding="UTF-8"?>
<testng-results ignored="0" total="3" passed="3" failed="0" skipped="0">
  <reporter-output>
  </reporter-output>
  <suite started-at="2023-10-03T07:00:22 UTC" name="Surefire suite" finished-at="2023-10-03T07:01:04 UTC" duration-ms="42428">
    <groups>
    </groups>
    <test started-at="2023-10-03T07:00:22 UTC" name="Surefire test" finished-at="2023-10-03T07:01:04 UTC" duration-ms="42428">
      <class name="runner.Testcase1">
        <test-method is-config="true" signature="beforeMethod()[pri:0, instance:runner.Testcase1@60a2630a]" started-at="2023-10-03T07:00:22 UTC" name="beforeMethod" finished-at="2023-10-03T07:00:27 UTC" duration-ms="4921" status="PASS">
          <reporter-output>
          </reporter-output>
        </test-method> <!-- beforeMethod -->
        <test-method signature="toyspg()[pri:1, instance:runner.Testcase1@60a2630a]" started-at="2023-10-03T07:00:27 UTC" name="toyspg" finished-at="2023-10-03T07:00:36 UTC" duration-ms="9757" status="PASS">
          <reporter-output>
          </reporter-output>
        </test-method> <!-- toyspg -->
        <test-method is-config="true" signature="afterMethod()[pri:0, instance:runner.Testcase1@60a2630a]" started-at="2023-10-03T07:00:36 UTC" name="afterMethod" finished-at="2023-10-03T07:00:37 UTC" duration-ms="641" status="PASS">
          <reporter-output>
          </reporter-output>
        </test-method> <!-- afterMethod -->
      </class> <!-- runner.Testcase1 -->
      <class name="runner.Testcase2">
        <test-method is-config="true" signature="beforeMethod()[pri:0, instance:runner.Testcase2@22b53226]" started-at="2023-10-03T07:00:51 UTC" name="beforeMethod" finished-at="2023-10-03T07:00:54 UTC" duration-ms="3689" status="PASS">
          <reporter-output>
          </reporter-output>
        </test-method> <!-- beforeMethod -->
        <test-method signature="clothpg()[pri:2, instance:runner.Testcase2@22b53226]" started-at="2023-10-03T07:00:54 UTC" name="clothpg" finished-at="2023-10-03T07:01:04 UTC" duration-ms="9509" status="PASS">
          <reporter-output>
          </reporter-output>
        </test-method> <!-- clothpg -->
        <test-method is-config="true" signature="afterMethod()[pri:0, instance:runner.Testcase2@22b53226]" started-at="2023-10-03T07:01:04 UTC" name="afterMethod" finished-at="2023-10-03T07:01:04 UTC" duration-ms="203" status="PASS">
          <reporter-output>
          </reporter-output>
        </test-method> <!-- afterMethod -->
      </class> <!-- runner.Testcase2 -->
      <class name="runner.Testcase3">
        <test-method is-config="true" signature="beforeMethod()[pri:0, instance:runner.Testcase3@60d1a32f]" started-at="2023-10-03T07:00:37 UTC" name="beforeMethod" finished-at="2023-10-03T07:00:40 UTC" duration-ms="3232" status="PASS">
          <reporter-output>
          </reporter-output>
        </test-method> <!-- beforeMethod -->
        <test-method signature="Buspg2()[pri:3, instance:runner.Testcase3@60d1a32f]" started-at="2023-10-03T07:00:40 UTC" name="Buspg2" finished-at="2023-10-03T07:00:51 UTC" duration-ms="10195" status="PASS">
          <reporter-output>
          </reporter-output>
        </test-method> <!-- Buspg2 -->
        <test-method is-config="true" signature="afterMethod()[pri:0, instance:runner.Testcase3@60d1a32f]" started-at="2023-10-03T07:00:51 UTC" name="afterMethod" finished-at="2023-10-03T07:00:51 UTC" duration-ms="197" status="PASS">
          <reporter-output>
          </reporter-output>
        </test-method> <!-- afterMethod -->
      </class> <!-- runner.Testcase3 -->
    </test> <!-- Surefire test -->
  </suite> <!-- Surefire suite -->
</testng-results>
